<?xml version="1.0" encoding="UTF-8"?>
<testsuite name="com.adobe.sign.api.Views.CreateViewSettingsApiTest" tests="4" skipped="0" failures="0" errors="0" timestamp="2017-05-17T09:50:35" hostname="huangqixuande-MacBook-Pro.local" time="0.688">
  <properties/>
  <testcase name="testInvalidXApiUser" classname="com.adobe.sign.api.Views.CreateViewSettingsApiTest" time="0.003"/>
  <testcase name="testCreateSettingsUrl" classname="com.adobe.sign.api.Views.CreateViewSettingsApiTest" time="0.683"/>
  <testcase name="testInvalidTargetView" classname="com.adobe.sign.api.Views.CreateViewSettingsApiTest" time="0.001"/>
  <testcase name="testNullAndEmptyAccessToken" classname="com.adobe.sign.api.Views.CreateViewSettingsApiTest" time="0.0"/>
  <system-out><![CDATA[]]></system-out>
  <system-err><![CDATA[]]></system-err>
</testsuite>
