<?xml version="1.0" encoding="UTF-8"?>
<testsuite name="com.adobe.sign.api.Agreements.UpdateAgreementStatusApiTest" tests="4" skipped="0" failures="0" errors="0" timestamp="2017-05-17T09:50:26" hostname="huangqixuande-MacBook-Pro.local" time="0.008">
  <properties/>
  <testcase name="testInvalidXApiUser" classname="com.adobe.sign.api.Agreements.UpdateAgreementStatusApiTest" time="0.006"/>
  <testcase name="testInvalidAgreementId" classname="com.adobe.sign.api.Agreements.UpdateAgreementStatusApiTest" time="0.0"/>
  <testcase name="testInvalidAgreementStatus" classname="com.adobe.sign.api.Agreements.UpdateAgreementStatusApiTest" time="0.0"/>
  <testcase name="testNullAndEmptyAccessToken" classname="com.adobe.sign.api.Agreements.UpdateAgreementStatusApiTest" time="0.001"/>
  <system-out><![CDATA[]]></system-out>
  <system-err><![CDATA[]]></system-err>
</testsuite>
