<?xml version="1.0" encoding="UTF-8"?>
<testsuite name="com.adobe.sign.api.OAuth.RefreshAccessTokenTest" tests="4" skipped="0" failures="0" errors="0" timestamp="2017-05-17T09:50:29" hostname="huangqixuande-MacBook-Pro.local" time="0.007">
  <properties/>
  <testcase name="testInvalidRefreshToken" classname="com.adobe.sign.api.OAuth.RefreshAccessTokenTest" time="0.006"/>
  <testcase name="testInvalidClientId" classname="com.adobe.sign.api.OAuth.RefreshAccessTokenTest" time="0.0"/>
  <testcase name="testInvalidGrantType" classname="com.adobe.sign.api.OAuth.RefreshAccessTokenTest" time="0.0"/>
  <testcase name="testInvalidClientSecret" classname="com.adobe.sign.api.OAuth.RefreshAccessTokenTest" time="0.0"/>
  <system-out><![CDATA[]]></system-out>
  <system-err><![CDATA[]]></system-err>
</testsuite>
