<?xml version="1.0" encoding="UTF-8"?>
<testsuite name="com.adobe.sign.api.BaseURIs.GetBaseUrisApiTest" tests="2" skipped="0" failures="0" errors="0" timestamp="2017-05-17T09:50:29" hostname="huangqixuande-MacBook-Pro.local" time="0.574">
  <properties/>
  <testcase name="testGetBaseUri" classname="com.adobe.sign.api.BaseURIs.GetBaseUrisApiTest" time="0.573"/>
  <testcase name="testNullAndEmptyAccessToken" classname="com.adobe.sign.api.BaseURIs.GetBaseUrisApiTest" time="0.0"/>
  <system-out><![CDATA[]]></system-out>
  <system-err><![CDATA[]]></system-err>
</testsuite>
