<?xml version="1.0" encoding="UTF-8"?>
<testsuite name="com.adobe.sign.api.OAuth.GetAccessTokenTest" tests="5" skipped="0" failures="0" errors="0" timestamp="2017-05-17T09:50:32" hostname="huangqixuande-MacBook-Pro.local" time="0.008">
  <properties/>
  <testcase name="testInvalidCode" classname="com.adobe.sign.api.OAuth.GetAccessTokenTest" time="0.002"/>
  <testcase name="testInvalidRedirectUri" classname="com.adobe.sign.api.OAuth.GetAccessTokenTest" time="0.005"/>
  <testcase name="testInvalidClientId" classname="com.adobe.sign.api.OAuth.GetAccessTokenTest" time="0.0"/>
  <testcase name="testInvalidGrantType" classname="com.adobe.sign.api.OAuth.GetAccessTokenTest" time="0.0"/>
  <testcase name="testInvalidClientSecret" classname="com.adobe.sign.api.OAuth.GetAccessTokenTest" time="0.0"/>
  <system-out><![CDATA[]]></system-out>
  <system-err><![CDATA[]]></system-err>
</testsuite>
