<?xml version="1.0" encoding="UTF-8"?>
<testsuite name="com.adobe.sign.api.TransientDocuments.CreateTransientDocumentsApiTest" tests="6" skipped="0" failures="0" errors="0" timestamp="2017-05-17T09:50:34" hostname="huangqixuande-MacBook-Pro.local" time="0.95">
  <properties/>
  <testcase name="testCreateTransientDocument" classname="com.adobe.sign.api.TransientDocuments.CreateTransientDocumentsApiTest" time="0.948"/>
  <testcase name="testInvalidXApiUser" classname="com.adobe.sign.api.TransientDocuments.CreateTransientDocumentsApiTest" time="0.0"/>
  <testcase name="testInvalidFile" classname="com.adobe.sign.api.TransientDocuments.CreateTransientDocumentsApiTest" time="0.0"/>
  <testcase name="testInvalidFileExtensionAndMime" classname="com.adobe.sign.api.TransientDocuments.CreateTransientDocumentsApiTest" time="0.0"/>
  <testcase name="testNullAndEmptyAccessToken" classname="com.adobe.sign.api.TransientDocuments.CreateTransientDocumentsApiTest" time="0.001"/>
  <testcase name="testInvalidFileName" classname="com.adobe.sign.api.TransientDocuments.CreateTransientDocumentsApiTest" time="0.0"/>
  <system-out><![CDATA[]]></system-out>
  <system-err><![CDATA[]]></system-err>
</testsuite>
